Start testing: Apr 13 06:33 MSK
----------------------------------------------------------
1/1 Testing: TestMachine.RunTest
1/1 Test: TestMachine.RunTest
Command: "/mnt/9C468886468862BE/media/programs/cyberprotect/build/test_run" "--gtest_filter=TestMachine.RunTest" "--gtest_also_run_disabled_tests"
Directory: /mnt/9C468886468862BE/media/programs/cyberprotect/build
"TestMachine.RunTest" start time: Apr 13 06:33 MSK
Output:
----------------------------------------------------------
Running main() from /mnt/9C468886468862BE/media/programs/cyberprotect/build/_deps/googletest-src/googletest/src/gtest_main.cc
Note: Google Test filter = TestMachine.RunTest
[==========] Running 1 test from 1 test suite.
[----------] Global test environment set-up.
[----------] 1 test from TestMachine
[ RUN      ] TestMachine.RunTest
[       OK ] TestMachine.RunTest (0 ms)
[----------] 1 test from TestMachine (0 ms total)

[----------] Global test environment tear-down
[==========] 1 test from 1 test suite ran. (0 ms total)
[  PASSED  ] 1 test.
<end of output>
Test time =   0.00 sec
----------------------------------------------------------
Test Passed.
"TestMachine.RunTest" end time: Apr 13 06:33 MSK
"TestMachine.RunTest" time elapsed: 00:00:00
----------------------------------------------------------

End testing: Apr 13 06:33 MSK
